14:36:41.724 Api Request Received: messageType:GetLanguagePluginLibPathRequest messageId:5 libPathRequest:<language:"java" > 
14:36:41.724 Sending API response: messageType:GetLanguagePluginLibPathResponse messageId:5 libPathResponse:<path:"/Users/tpusjaga/.gauge/plugins/java/0.3.4/libs" > 
14:36:42.494 Initializing concepts cache with 0 concepts
14:36:42.494 Watching directory: /Users/tpusjaga/Documents/workspace/g_p2/specs
14:36:42.494 Found 1 files
14:36:42.495 Initializing specs cache with 1 specs
14:36:42.495 Adding specs from /Users/tpusjaga/Documents/workspace/g_p2/specs/example.spec
14:36:43.087 Api Request Received: messageType:GetStepValueRequest messageId:4 stepValueRequest:<stepText:"Almost all words have vowels <wordsTable>" hasInlineTable:false > 
14:36:43.088 Sending API response: messageType:GetStepValueResponse messageId:4 stepValueResponse:<stepValue:<stepValue:"Almost all words have vowels {}" parameterizedStepValue:"Almost all words have vowels <wordsTable>" parameters:"wordsTable" > > 
14:36:43.093 Api Request Received: messageType:GetStepValueRequest messageId:4 stepValueRequest:<stepText:"Vowels in English language are <vowelString>." hasInlineTable:false > 
14:36:43.093 Sending API response: messageType:GetStepValueResponse messageId:4 stepValueResponse:<stepValue:<stepValue:"Vowels in English language are {}." parameterizedStepValue:"Vowels in English language are <vowelString>." parameters:"vowelString" > > 
14:36:43.093 Api Request Received: messageType:GetStepValueRequest messageId:4 stepValueRequest:<stepText:"The word <word> has <expectedCount> vowels." hasInlineTable:false > 
14:36:43.094 Sending API response: messageType:GetStepValueResponse messageId:4 stepValueResponse:<stepValue:<stepValue:"The word {} has {} vowels." parameterizedStepValue:"The word <word> has <expectedCount> vowels." parameters:"word" parameters:"expectedCount" > > 
14:36:43.137 Initializing steps cache with 5 steps
14:36:57.846 Api Request Received: messageType:GetStepValueRequest messageId:4 stepValueRequest:<stepText:"Navigate to <url>" hasInlineTable:false > 
14:36:57.846 Sending API response: messageType:GetStepValueResponse messageId:4 stepValueResponse:<stepValue:<stepValue:"Navigate to {}" parameterizedStepValue:"Navigate to <url>" parameters:"url" > > 
14:36:57.847 Api Request Received: messageType:GetStepValueRequest messageId:4 stepValueRequest:<stepText:"Go to Gauge Get Started Page" hasInlineTable:false > 
14:36:57.847 Sending API response: messageType:GetStepValueResponse messageId:4 stepValueResponse:<stepValue:<stepValue:"Go to Gauge Get Started Page" parameterizedStepValue:"Go to Gauge Get Started Page" > > 
14:36:57.850 Api Request Received: messageType:GetStepValueRequest messageId:4 stepValueRequest:<stepText:"Vowels in English language are" hasInlineTable:false > 
14:36:57.850 Sending API response: messageType:GetStepValueResponse messageId:4 stepValueResponse:<stepValue:<stepValue:"Vowels in English language are" parameterizedStepValue:"Vowels in English language are" > > 
14:36:57.899 Api Request Received: messageType:GetStepValueRequest messageId:4 stepValueRequest:<stepText:"Vowels in English language are <vowelString>." hasInlineTable:false > 
14:36:57.899 Sending API response: messageType:GetStepValueResponse messageId:4 stepValueResponse:<stepValue:<stepValue:"Vowels in English language are {}." parameterizedStepValue:"Vowels in English language are <vowelString>." parameters:"vowelString" > > 
14:36:57.899 Api Request Received: messageType:GetStepValueRequest messageId:4 stepValueRequest:<stepText:"The word <word> has <expectedCount> vowels." hasInlineTable:false > 
14:36:57.899 Sending API response: messageType:GetStepValueResponse messageId:4 stepValueResponse:<stepValue:<stepValue:"The word {} has {} vowels." parameterizedStepValue:"The word <word> has <expectedCount> vowels." parameters:"word" parameters:"expectedCount" > > 
14:36:57.899 Api Request Received: messageType:GetStepValueRequest messageId:4 stepValueRequest:<stepText:"Almost all words have vowels <wordsTable>" hasInlineTable:false > 
14:36:57.899 Sending API response: messageType:GetStepValueResponse messageId:4 stepValueResponse:<stepValue:<stepValue:"Almost all words have vowels {}" parameterizedStepValue:"Almost all words have vowels <wordsTable>" parameters:"wordsTable" > > 
14:36:58.134 Api Request Received: messageType:GetStepValueRequest messageId:4 stepValueRequest:<stepText:"Vowels in English language are \"aeiou\"." hasInlineTable:false > 
14:36:58.134 Sending API response: messageType:GetStepValueResponse messageId:4 stepValueResponse:<stepValue:<stepValue:"Vowels in English language are {}." parameterizedStepValue:"Vowels in English language are <aeiou>." parameters:"aeiou" > > 
14:36:58.155 Api Request Received: messageType:GetStepValueRequest messageId:4 stepValueRequest:<stepText:"The word \"gauge\" has \"3\" vowels." hasInlineTable:false > 
14:36:58.155 Sending API response: messageType:GetStepValueResponse messageId:4 stepValueResponse:<stepValue:<stepValue:"The word {} has {} vowels." parameterizedStepValue:"The word <gauge> has <3> vowels." parameters:"gauge" parameters:"3" > > 
14:36:58.178 Api Request Received: messageType:GetStepValueRequest messageId:4 stepValueRequest:<stepText:"Almost all words have vowels <table>" hasInlineTable:false > 
14:36:58.178 Sending API response: messageType:GetStepValueResponse messageId:4 stepValueResponse:<stepValue:<stepValue:"Almost all words have vowels {}" parameterizedStepValue:"Almost all words have vowels <table>" parameters:"table" > > 
14:38:33.225 Api Request Received: messageType:GetStepValueRequest messageId:4 stepValueRequest:<stepText:"Navigate to \"http://getgauge.io\"" hasInlineTable:false > 
14:38:33.225 Sending API response: messageType:GetStepValueResponse messageId:4 stepValueResponse:<stepValue:<stepValue:"Navigate to {}" parameterizedStepValue:"Navigate to <http://getgauge.io>" parameters:"http://getgauge.io" > > 
14:41:01.898 Api Request Received: messageType:GetStepValueRequest messageId:4 stepValueRequest:<stepText:"Navigate to \"http://www\"" hasInlineTable:false > 
14:41:01.898 Sending API response: messageType:GetStepValueResponse messageId:4 stepValueResponse:<stepValue:<stepValue:"Navigate to {}" parameterizedStepValue:"Navigate to <http://www>" parameters:"http://www" > > 
14:41:04.194 Api Request Received: messageType:GetStepValueRequest messageId:4 stepValueRequest:<stepText:"Navigate to \"http://www.waitrose\"" hasInlineTable:false > 
14:41:04.194 Sending API response: messageType:GetStepValueResponse messageId:4 stepValueResponse:<stepValue:<stepValue:"Navigate to {}" parameterizedStepValue:"Navigate to <http://www.waitrose>" parameters:"http://www.waitrose" > > 
14:41:04.447 Api Request Received: messageType:GetStepValueRequest messageId:4 stepValueRequest:<stepText:"Navigate to \"http://www.waitrose.\"" hasInlineTable:false > 
14:41:04.447 Sending API response: messageType:GetStepValueResponse messageId:4 stepValueResponse:<stepValue:<stepValue:"Navigate to {}" parameterizedStepValue:"Navigate to <http://www.waitrose.>" parameters:"http://www.waitrose." > > 
14:41:04.995 Api Request Received: messageType:GetStepValueRequest messageId:4 stepValueRequest:<stepText:"Navigate to \"http://www.waitrose.co\"" hasInlineTable:false > 
14:41:04.995 Sending API response: messageType:GetStepValueResponse messageId:4 stepValueResponse:<stepValue:<stepValue:"Navigate to {}" parameterizedStepValue:"Navigate to <http://www.waitrose.co>" parameters:"http://www.waitrose.co" > > 
14:41:05.412 Api Request Received: messageType:GetStepValueRequest messageId:4 stepValueRequest:<stepText:"Navigate to \"http://www.waitrose.com\"" hasInlineTable:false > 
14:41:05.412 Sending API response: messageType:GetStepValueResponse messageId:4 stepValueResponse:<stepValue:<stepValue:"Navigate to {}" parameterizedStepValue:"Navigate to <http://www.waitrose.com>" parameters:"http://www.waitrose.com" > > 
11:02:02.755 Watching directory: /Users/tpusjaga/Documents/workspace/g_p2/specs
11:02:02.755 Found 1 files
11:02:02.755 Initializing concepts cache with 0 concepts
11:02:02.757 Initializing specs cache with 1 specs
11:02:02.757 Adding specs from /Users/tpusjaga/Documents/workspace/g_p2/specs/example.spec
11:02:02.842 Api Request Received: messageType:GetLanguagePluginLibPathRequest messageId:5 libPathRequest:<language:"java" > 
11:02:02.843 Sending API response: messageType:GetLanguagePluginLibPathResponse messageId:5 libPathResponse:<path:"/Users/tpusjaga/.gauge/plugins/java/0.3.4/libs" > 
11:02:02.845 Api Request Received: messageType:GetLanguagePluginLibPathRequest messageId:5 libPathRequest:<language:"java" > 
11:02:02.846 Sending API response: messageType:GetLanguagePluginLibPathResponse messageId:5 libPathResponse:<path:"/Users/tpusjaga/.gauge/plugins/java/0.3.4/libs" > 
11:02:03.697 Api Request Received: messageType:GetStepValueRequest messageId:4 stepValueRequest:<stepText:"Almost all words have vowels <wordsTable>" hasInlineTable:false > 
11:02:03.698 Sending API response: messageType:GetStepValueResponse messageId:4 stepValueResponse:<stepValue:<stepValue:"Almost all words have vowels {}" parameterizedStepValue:"Almost all words have vowels <wordsTable>" parameters:"wordsTable" > > 
11:02:03.702 Api Request Received: messageType:GetStepValueRequest messageId:4 stepValueRequest:<stepText:"Vowels in English language are <vowelString>." hasInlineTable:false > 
11:02:03.702 Sending API response: messageType:GetStepValueResponse messageId:4 stepValueResponse:<stepValue:<stepValue:"Vowels in English language are {}." parameterizedStepValue:"Vowels in English language are <vowelString>." parameters:"vowelString" > > 
11:02:03.703 Api Request Received: messageType:GetStepValueRequest messageId:4 stepValueRequest:<stepText:"The word <word> has <expectedCount> vowels." hasInlineTable:false > 
11:02:03.703 Sending API response: messageType:GetStepValueResponse messageId:4 stepValueResponse:<stepValue:<stepValue:"The word {} has {} vowels." parameterizedStepValue:"The word <word> has <expectedCount> vowels." parameters:"word" parameters:"expectedCount" > > 
11:02:03.780 Initializing steps cache with 5 steps
11:02:04.015 Api Request Received: messageType:GetStepValueRequest messageId:4 stepValueRequest:<stepText:"Navigate to <url>" hasInlineTable:false > 
11:02:04.015 Sending API response: messageType:GetStepValueResponse messageId:4 stepValueResponse:<stepValue:<stepValue:"Navigate to {}" parameterizedStepValue:"Navigate to <url>" parameters:"url" > > 
11:02:04.016 Api Request Received: messageType:GetStepValueRequest messageId:4 stepValueRequest:<stepText:"Go to Gauge Get Started Page" hasInlineTable:false > 
11:02:04.016 Sending API response: messageType:GetStepValueResponse messageId:4 stepValueResponse:<stepValue:<stepValue:"Go to Gauge Get Started Page" parameterizedStepValue:"Go to Gauge Get Started Page" > > 
11:02:04.021 Api Request Received: messageType:GetStepValueRequest messageId:4 stepValueRequest:<stepText:"Vowels in English language are" hasInlineTable:false > 
11:02:04.021 Sending API response: messageType:GetStepValueResponse messageId:4 stepValueResponse:<stepValue:<stepValue:"Vowels in English language are" parameterizedStepValue:"Vowels in English language are" > > 
11:02:04.072 Api Request Received: messageType:GetStepValueRequest messageId:4 stepValueRequest:<stepText:"Vowels in English language are <vowelString>." hasInlineTable:false > 
11:02:04.072 Sending API response: messageType:GetStepValueResponse messageId:4 stepValueResponse:<stepValue:<stepValue:"Vowels in English language are {}." parameterizedStepValue:"Vowels in English language are <vowelString>." parameters:"vowelString" > > 
11:02:04.072 Api Request Received: messageType:GetStepValueRequest messageId:4 stepValueRequest:<stepText:"The word <word> has <expectedCount> vowels." hasInlineTable:false > 
11:02:04.072 Sending API response: messageType:GetStepValueResponse messageId:4 stepValueResponse:<stepValue:<stepValue:"The word {} has {} vowels." parameterizedStepValue:"The word <word> has <expectedCount> vowels." parameters:"word" parameters:"expectedCount" > > 
11:02:04.073 Api Request Received: messageType:GetStepValueRequest messageId:4 stepValueRequest:<stepText:"Almost all words have vowels <wordsTable>" hasInlineTable:false > 
11:02:04.073 Sending API response: messageType:GetStepValueResponse messageId:4 stepValueResponse:<stepValue:<stepValue:"Almost all words have vowels {}" parameterizedStepValue:"Almost all words have vowels <wordsTable>" parameters:"wordsTable" > > 
11:02:05.219 Api Request Received: messageType:GetStepValueRequest messageId:4 stepValueRequest:<stepText:"Navigate to \"http://www.waitrose.com\"" hasInlineTable:false > 
11:02:05.220 Sending API response: messageType:GetStepValueResponse messageId:4 stepValueResponse:<stepValue:<stepValue:"Navigate to {}" parameterizedStepValue:"Navigate to <http://www.waitrose.com>" parameters:"http://www.waitrose.com" > > 
11:10:01.411 Api Request Received: messageType:GetStepValueRequest messageId:4 stepValueRequest:<stepText:"Vowels in English language are \"aeiou\"." hasInlineTable:false > 
11:10:01.411 Sending API response: messageType:GetStepValueResponse messageId:4 stepValueResponse:<stepValue:<stepValue:"Vowels in English language are {}." parameterizedStepValue:"Vowels in English language are <aeiou>." parameters:"aeiou" > > 
11:10:01.435 Api Request Received: messageType:GetStepValueRequest messageId:4 stepValueRequest:<stepText:"The word \"gauge\" has \"3\" vowels." hasInlineTable:false > 
11:10:01.435 Sending API response: messageType:GetStepValueResponse messageId:4 stepValueResponse:<stepValue:<stepValue:"The word {} has {} vowels." parameterizedStepValue:"The word <gauge> has <3> vowels." parameters:"gauge" parameters:"3" > > 
11:10:01.456 Api Request Received: messageType:GetStepValueRequest messageId:4 stepValueRequest:<stepText:"Almost all words have vowels <table>" hasInlineTable:false > 
11:10:01.456 Sending API response: messageType:GetStepValueResponse messageId:4 stepValueResponse:<stepValue:<stepValue:"Almost all words have vowels {}" parameterizedStepValue:"Almost all words have vowels <table>" parameters:"table" > > 
11:21:25.777 Api Request Received: messageType:GetStepValueRequest messageId:4 stepValueRequest:<stepText:"Navigate to \"http://getgauge.io\"" hasInlineTable:false > 
11:21:25.778 Sending API response: messageType:GetStepValueResponse messageId:4 stepValueResponse:<stepValue:<stepValue:"Navigate to {}" parameterizedStepValue:"Navigate to <http://getgauge.io>" parameters:"http://getgauge.io" > > 
11:32:13.340 Spec file added / modified: /Users/tpusjaga/Documents/workspace/g_p2/specs/Copy of example.spec
11:36:36.369 Api Request Received: messageType:GetAllConceptsRequest messageId:6 allConceptsRequest:<> 
11:36:36.369 Sending API response: messageType:GetAllConceptsResponse messageId:6 allConceptsResponse:<> 
11:45:45.912 Api Request Received: messageType:GetAllConceptsRequest messageId:6 allConceptsRequest:<> 
11:45:45.913 Sending API response: messageType:GetAllConceptsResponse messageId:6 allConceptsResponse:<> 
11:46:53.978 Api Request Received: messageType:GetStepValueRequest messageId:4 stepValueRequest:<stepText:"check for the following table links <wordsTable>" hasInlineTable:false > 
11:46:53.979 Sending API response: messageType:GetStepValueResponse messageId:4 stepValueResponse:<stepValue:<stepValue:"check for the following table links {}" parameterizedStepValue:"check for the following table links <wordsTable>" parameters:"wordsTable" > > 
11:46:53.983 Api Request Received: messageType:GetStepValueRequest messageId:4 stepValueRequest:<stepText:"Navigate to \"http://www.waitrose.com/content/waitrose/en/bf_home/bf.html\"" hasInlineTable:false > 
11:46:53.983 Sending API response: messageType:GetStepValueResponse messageId:4 stepValueResponse:<stepValue:<stepValue:"Navigate to {}" parameterizedStepValue:"Navigate to <http://www.waitrose.com/content/waitrose/en/bf_home/bf.html>" parameters:"http://www.waitrose.com/content/waitrose/en/bf_home/bf.html" > > 
11:46:54.000 Api Request Received: messageType:GetStepValueRequest messageId:4 stepValueRequest:<stepText:"check for the following table links <table>" hasInlineTable:false > 
11:46:54.000 Sending API response: messageType:GetStepValueResponse messageId:4 stepValueResponse:<stepValue:<stepValue:"check for the following table links {}" parameterizedStepValue:"check for the following table links <table>" parameters:"table" > > 
11:49:14.935 Api Request Received: messageType:GetStepValueRequest messageId:4 stepValueRequest:<stepText:"check for the following footer links <wordsTable>" hasInlineTable:false > 
11:49:14.935 Sending API response: messageType:GetStepValueResponse messageId:4 stepValueResponse:<stepValue:<stepValue:"check for the following footer links {}" parameterizedStepValue:"check for the following footer links <wordsTable>" parameters:"wordsTable" > > 
11:49:14.956 Api Request Received: messageType:GetStepValueRequest messageId:4 stepValueRequest:<stepText:"check for the following footer links <table>" hasInlineTable:false > 
11:49:14.956 Sending API response: messageType:GetStepValueResponse messageId:4 stepValueResponse:<stepValue:<stepValue:"check for the following footer links {}" parameterizedStepValue:"check for the following footer links <table>" parameters:"table" > > 
13:31:17.192 Initializing concepts cache with 0 concepts
13:31:17.192 Watching directory: /Users/tpusjaga/Documents/workspace/g_p2/specs
13:31:17.193 Found 2 files
13:31:17.194 Initializing specs cache with 2 specs
13:31:17.194 Adding specs from /Users/tpusjaga/Documents/workspace/g_p2/specs/Copy of example.spec
13:31:17.194 Adding specs from /Users/tpusjaga/Documents/workspace/g_p2/specs/example.spec
13:31:17.781 Api Request Received: messageType:GetStepValueRequest messageId:4 stepValueRequest:<stepText:"Almost all words have vowels <wordsTable>" hasInlineTable:false > 
13:31:17.781 Sending API response: messageType:GetStepValueResponse messageId:4 stepValueResponse:<stepValue:<stepValue:"Almost all words have vowels {}" parameterizedStepValue:"Almost all words have vowels <wordsTable>" parameters:"wordsTable" > > 
13:31:17.785 Api Request Received: messageType:GetStepValueRequest messageId:4 stepValueRequest:<stepText:"Vowels in English language are <vowelString>." hasInlineTable:false > 
13:31:17.785 Sending API response: messageType:GetStepValueResponse messageId:4 stepValueResponse:<stepValue:<stepValue:"Vowels in English language are {}." parameterizedStepValue:"Vowels in English language are <vowelString>." parameters:"vowelString" > > 
13:31:17.786 Api Request Received: messageType:GetStepValueRequest messageId:4 stepValueRequest:<stepText:"The word <word> has <expectedCount> vowels." hasInlineTable:false > 
13:31:17.786 Sending API response: messageType:GetStepValueResponse messageId:4 stepValueResponse:<stepValue:<stepValue:"The word {} has {} vowels." parameterizedStepValue:"The word <word> has <expectedCount> vowels." parameters:"word" parameters:"expectedCount" > > 
13:31:17.832 Initializing steps cache with 7 steps
15:19:17.927 Api Request Received: messageType:GetStepValueRequest messageId:4 stepValueRequest:<stepText:"Check if <file:/work/content.txt> is visible" hasInlineTable:false > 
15:19:17.927 Sending API response: messageType:GetStepValueResponse messageId:4 stepValueResponse:<stepValue:<stepValue:"Check if {} is visible" parameterizedStepValue:"Check if <file:/work/content.txt> is visible" parameters:"file:/work/content.txt" > > 
15:19:28.088 Api Request Received: messageType:GetStepValueRequest messageId:4 stepValueRequest:<stepText:"Check if <file:content.txt> is visible" hasInlineTable:false > 
15:19:28.089 Sending API response: messageType:GetStepValueResponse messageId:4 stepValueResponse:<stepValue:<stepValue:"Check if {} is visible" parameterizedStepValue:"Check if <file:content.txt> is visible" parameters:"file:content.txt" > > 
15:24:29.796 Api Request Received: messageType:GetStepValueRequest messageId:4 stepValueRequest:<stepText:"Check if <content> is visible" hasInlineTable:false > 
15:24:29.796 Sending API response: messageType:GetStepValueResponse messageId:4 stepValueResponse:<stepValue:<stepValue:"Check if {} is visible" parameterizedStepValue:"Check if <content> is visible" parameters:"content" > > 
16:12:59.872 Api Request Received: messageType:GetStepValueRequest messageId:4 stepValueRequest:<stepText:"Check if <file:/datacontent.txt> is visible" hasInlineTable:false > 
16:12:59.872 Sending API response: messageType:GetStepValueResponse messageId:4 stepValueResponse:<stepValue:<stepValue:"Check if {} is visible" parameterizedStepValue:"Check if <file:/datacontent.txt> is visible" parameters:"file:/datacontent.txt" > > 
16:13:00.317 Api Request Received: messageType:GetStepValueRequest messageId:4 stepValueRequest:<stepText:"Check if <file:/data/content.txt> is visible" hasInlineTable:false > 
16:13:00.317 Sending API response: messageType:GetStepValueResponse messageId:4 stepValueResponse:<stepValue:<stepValue:"Check if {} is visible" parameterizedStepValue:"Check if <file:/data/content.txt> is visible" parameters:"file:/data/content.txt" > > 
16:14:46.746 Api Request Received: messageType:GetStepValueRequest messageId:4 stepValueRequest:<stepText:"Check if <file:data/content.txt> is visible" hasInlineTable:false > 
16:14:46.746 Sending API response: messageType:GetStepValueResponse messageId:4 stepValueResponse:<stepValue:<stepValue:"Check if {} is visible" parameterizedStepValue:"Check if <file:data/content.txt> is visible" parameters:"file:data/content.txt" > > 
16:14:47.567 Api Request Received: messageType:GetStepValueRequest messageId:4 stepValueRequest:<stepText:"Check if <file:\\data/content.txt> is visible" hasInlineTable:false > 
16:14:47.567 Sending API response: messageType:GetStepValueResponse messageId:4 stepValueResponse:<stepValue:<stepValue:"Check if {} is visible" parameterizedStepValue:"Check if <file:data/content.txt> is visible" parameters:"file:data/content.txt" > > 
16:14:49.249 Api Request Received: messageType:GetStepValueRequest messageId:4 stepValueRequest:<stepText:"Check if <file:\\datacontent.txt> is visible" hasInlineTable:false > 
16:14:49.249 Sending API response: messageType:GetStepValueResponse messageId:4 stepValueResponse:<stepValue:<stepValue:"Check if {} is visible" parameterizedStepValue:"Check if <file:datacontent.txt> is visible" parameters:"file:datacontent.txt" > > 
16:14:50.378 Api Request Received: messageType:GetStepValueRequest messageId:4 stepValueRequest:<stepText:"Check if <file:\\data\\content.txt> is visible" hasInlineTable:false > 
16:14:50.378 Sending API response: messageType:GetStepValueResponse messageId:4 stepValueResponse:<stepValue:<stepValue:"Check if {} is visible" parameterizedStepValue:"Check if <file:datacontent.txt> is visible" parameters:"file:datacontent.txt" > > 
16:15:52.602 Api Request Received: messageType:GetStepValueRequest messageId:4 stepValueRequest:<stepText:"Check if <file:data\\content.txt> is visible" hasInlineTable:false > 
16:15:52.602 Sending API response: messageType:GetStepValueResponse messageId:4 stepValueResponse:<stepValue:<stepValue:"Check if {} is visible" parameterizedStepValue:"Check if <file:datacontent.txt> is visible" parameters:"file:datacontent.txt" > > 
16:15:53.730 Api Request Received: messageType:GetStepValueRequest messageId:4 stepValueRequest:<stepText:"Check if <file:/data\\content.txt> is visible" hasInlineTable:false > 
16:15:53.730 Sending API response: messageType:GetStepValueResponse messageId:4 stepValueResponse:<stepValue:<stepValue:"Check if {} is visible" parameterizedStepValue:"Check if <file:/datacontent.txt> is visible" parameters:"file:/datacontent.txt" > > 
16:20:00.645 Api Request Received: messageType:GetStepValueRequest messageId:4 stepValueRequest:<stepText:"check for the following footer links <linksTable>" hasInlineTable:false > 
16:20:00.646 Sending API response: messageType:GetStepValueResponse messageId:4 stepValueResponse:<stepValue:<stepValue:"check for the following footer links {}" parameterizedStepValue:"check for the following footer links <linksTable>" parameters:"linksTable" > > 
16:20:00.646 Api Request Received: messageType:GetStepValueRequest messageId:4 stepValueRequest:<stepText:"Check if link is visible <linksTable>" hasInlineTable:false > 
16:20:00.646 Sending API response: messageType:GetStepValueResponse messageId:4 stepValueResponse:<stepValue:<stepValue:"Check if link is visible {}" parameterizedStepValue:"Check if link is visible <linksTable>" parameters:"linksTable" > > 
16:20:00.670 Api Request Received: messageType:GetStepValueRequest messageId:4 stepValueRequest:<stepText:"" hasInlineTable:false > 
16:20:00.670 Sending API response: messageType:GetStepValueResponse messageId:4 stepValueResponse:<stepValue:<stepValue:"" parameterizedStepValue:"" > > 
16:20:09.748 Api Request Received: messageType:GetStepValueRequest messageId:4 stepValueRequest:<stepText:"Check if link is visible" hasInlineTable:false > 
16:20:09.748 Sending API response: messageType:GetStepValueResponse messageId:4 stepValueResponse:<stepValue:<stepValue:"Check if link is visible" parameterizedStepValue:"Check if link is visible" > > 
16:20:12.373 Api Request Received: messageType:GetStepValueRequest messageId:4 stepValueRequest:<stepText:"Check if link is visible <>" hasInlineTable:false > 
16:20:12.373 Sending API response: messageType:GetStepValueResponse messageId:4 stepValueResponse:<stepValue:<stepValue:"Check if link is visible {}" parameterizedStepValue:"Check if link is visible <>" parameters:"" > > 
16:37:21.872 Api Request Received: messageType:GetStepValueRequest messageId:4 stepValueRequest:<stepText:"Check if link is visible <Check if link is visible>" hasInlineTable:false > 
16:37:21.872 Sending API response: messageType:GetStepValueResponse messageId:4 stepValueResponse:<stepValue:<stepValue:"Check if link is visible {}" parameterizedStepValue:"Check if link is visible <Check if link is visible>" parameters:"Check if link is visible" > > 
16:38:13.043 Api Request Received: messageType:GetStepValueRequest messageId:4 stepValueRequest:<stepText:"Check if link is visible <table:data.csv>" hasInlineTable:false > 
16:38:13.043 Sending API response: messageType:GetStepValueResponse messageId:4 stepValueResponse:<stepValue:<stepValue:"Check if link is visible {}" parameterizedStepValue:"Check if link is visible <table:data.csv>" parameters:"table:data.csv" > > 
16:38:17.241 Api Request Received: messageType:GetStepValueRequest messageId:4 stepValueRequest:<stepText:"Check if link is visible <table:datadata.csv>" hasInlineTable:false > 
16:38:17.241 Sending API response: messageType:GetStepValueResponse messageId:4 stepValueResponse:<stepValue:<stepValue:"Check if link is visible {}" parameterizedStepValue:"Check if link is visible <table:datadata.csv>" parameters:"table:datadata.csv" > > 
16:38:18.257 Api Request Received: messageType:GetStepValueRequest messageId:4 stepValueRequest:<stepText:"Check if link is visible <table:data/data.csv>" hasInlineTable:false > 
16:38:18.257 Sending API response: messageType:GetStepValueResponse messageId:4 stepValueResponse:<stepValue:<stepValue:"Check if link is visible {}" parameterizedStepValue:"Check if link is visible <table:data/data.csv>" parameters:"table:data/data.csv" > > 
18:02:17.764 Initializing concepts cache with 0 concepts
18:02:17.764 Watching directory: /Users/tpusjaga/Documents/workspace/g_p2/specs
18:02:17.764 Found 2 files
18:02:17.768 Initializing specs cache with 2 specs
18:02:17.768 Adding specs from /Users/tpusjaga/Documents/workspace/g_p2/specs/Copy of example.spec
18:02:17.768 Adding specs from /Users/tpusjaga/Documents/workspace/g_p2/specs/example.spec
18:02:17.780 Api Request Received: messageType:GetLanguagePluginLibPathRequest messageId:5 libPathRequest:<language:"java" > 
18:02:17.780 Sending API response: messageType:GetLanguagePluginLibPathResponse messageId:5 libPathResponse:<path:"/Users/tpusjaga/.gauge/plugins/java/0.3.4/libs" > 
18:02:18.634 Api Request Received: messageType:GetStepValueRequest messageId:4 stepValueRequest:<stepText:"Almost all words have vowels <wordsTable>" hasInlineTable:false > 
18:02:18.634 Sending API response: messageType:GetStepValueResponse messageId:4 stepValueResponse:<stepValue:<stepValue:"Almost all words have vowels {}" parameterizedStepValue:"Almost all words have vowels <wordsTable>" parameters:"wordsTable" > > 
18:02:18.637 Api Request Received: messageType:GetStepValueRequest messageId:4 stepValueRequest:<stepText:"Vowels in English language are <vowelString>." hasInlineTable:false > 
18:02:18.638 Sending API response: messageType:GetStepValueResponse messageId:4 stepValueResponse:<stepValue:<stepValue:"Vowels in English language are {}." parameterizedStepValue:"Vowels in English language are <vowelString>." parameters:"vowelString" > > 
18:02:18.638 Api Request Received: messageType:GetStepValueRequest messageId:4 stepValueRequest:<stepText:"The word <word> has <expectedCount> vowels." hasInlineTable:false > 
18:02:18.638 Sending API response: messageType:GetStepValueResponse messageId:4 stepValueResponse:<stepValue:<stepValue:"The word {} has {} vowels." parameterizedStepValue:"The word <word> has <expectedCount> vowels." parameters:"word" parameters:"expectedCount" > > 
18:02:18.680 Initializing steps cache with 7 steps
20:37:37.412 Initializing concepts cache with 0 concepts
20:37:37.412 Watching directory: /Users/tpusjaga/Documents/workspace/g_p2/specs
20:37:37.412 Found 2 files
20:37:37.415 Initializing specs cache with 2 specs
20:37:37.415 Adding specs from /Users/tpusjaga/Documents/workspace/g_p2/specs/Copy of example.spec
20:37:37.415 Adding specs from /Users/tpusjaga/Documents/workspace/g_p2/specs/example.spec
20:37:37.622 Api Request Received: messageType:GetLanguagePluginLibPathRequest messageId:5 libPathRequest:<language:"java" > 
20:37:37.622 Sending API response: messageType:GetLanguagePluginLibPathResponse messageId:5 libPathResponse:<path:"/Users/tpusjaga/.gauge/plugins/java/0.3.4/libs" > 
20:37:38.034 Api Request Received: messageType:GetStepValueRequest messageId:4 stepValueRequest:<stepText:"Almost all words have vowels <wordsTable>" hasInlineTable:false > 
20:37:38.035 Sending API response: messageType:GetStepValueResponse messageId:4 stepValueResponse:<stepValue:<stepValue:"Almost all words have vowels {}" parameterizedStepValue:"Almost all words have vowels <wordsTable>" parameters:"wordsTable" > > 
20:37:38.038 Api Request Received: messageType:GetStepValueRequest messageId:4 stepValueRequest:<stepText:"Vowels in English language are <vowelString>." hasInlineTable:false > 
20:37:38.038 Sending API response: messageType:GetStepValueResponse messageId:4 stepValueResponse:<stepValue:<stepValue:"Vowels in English language are {}." parameterizedStepValue:"Vowels in English language are <vowelString>." parameters:"vowelString" > > 
20:37:38.038 Api Request Received: messageType:GetStepValueRequest messageId:4 stepValueRequest:<stepText:"The word <word> has <expectedCount> vowels." hasInlineTable:false > 
20:37:38.039 Sending API response: messageType:GetStepValueResponse messageId:4 stepValueResponse:<stepValue:<stepValue:"The word {} has {} vowels." parameterizedStepValue:"The word <word> has <expectedCount> vowels." parameters:"word" parameters:"expectedCount" > > 
20:37:38.078 Initializing steps cache with 7 steps
20:38:24.656 Api Request Received: messageType:GetStepValueRequest messageId:4 stepValueRequest:<stepText:"Navigate to <url>" hasInlineTable:false > 
20:38:24.656 Sending API response: messageType:GetStepValueResponse messageId:4 stepValueResponse:<stepValue:<stepValue:"Navigate to {}" parameterizedStepValue:"Navigate to <url>" parameters:"url" > > 
20:38:24.658 Api Request Received: messageType:GetStepValueRequest messageId:4 stepValueRequest:<stepText:"check for the following footer links <linksTable>" hasInlineTable:false > 
20:38:24.658 Sending API response: messageType:GetStepValueResponse messageId:4 stepValueResponse:<stepValue:<stepValue:"check for the following footer links {}" parameterizedStepValue:"check for the following footer links <linksTable>" parameters:"linksTable" > > 
20:38:24.658 Api Request Received: messageType:GetStepValueRequest messageId:4 stepValueRequest:<stepText:"Check if <content> is visible" hasInlineTable:false > 
20:38:24.658 Sending API response: messageType:GetStepValueResponse messageId:4 stepValueResponse:<stepValue:<stepValue:"Check if {} is visible" parameterizedStepValue:"Check if <content> is visible" parameters:"content" > > 
20:38:24.658 Api Request Received: messageType:GetStepValueRequest messageId:4 stepValueRequest:<stepText:"Check if link is visible <linksTable>" hasInlineTable:false > 
20:38:24.658 Sending API response: messageType:GetStepValueResponse messageId:4 stepValueResponse:<stepValue:<stepValue:"Check if link is visible {}" parameterizedStepValue:"Check if link is visible <linksTable>" parameters:"linksTable" > > 
20:38:24.663 Api Request Received: messageType:GetStepValueRequest messageId:4 stepValueRequest:<stepText:"Vowels in English language are" hasInlineTable:false > 
20:38:24.663 Sending API response: messageType:GetStepValueResponse messageId:4 stepValueResponse:<stepValue:<stepValue:"Vowels in English language are" parameterizedStepValue:"Vowels in English language are" > > 
20:38:24.711 Api Request Received: messageType:GetStepValueRequest messageId:4 stepValueRequest:<stepText:"Vowels in English language are <vowelString>." hasInlineTable:false > 
20:38:24.711 Sending API response: messageType:GetStepValueResponse messageId:4 stepValueResponse:<stepValue:<stepValue:"Vowels in English language are {}." parameterizedStepValue:"Vowels in English language are <vowelString>." parameters:"vowelString" > > 
20:38:24.711 Api Request Received: messageType:GetStepValueRequest messageId:4 stepValueRequest:<stepText:"The word <word> has <expectedCount> vowels." hasInlineTable:false > 
20:38:24.711 Sending API response: messageType:GetStepValueResponse messageId:4 stepValueResponse:<stepValue:<stepValue:"The word {} has {} vowels." parameterizedStepValue:"The word <word> has <expectedCount> vowels." parameters:"word" parameters:"expectedCount" > > 
20:38:24.712 Api Request Received: messageType:GetStepValueRequest messageId:4 stepValueRequest:<stepText:"Almost all words have vowels <wordsTable>" hasInlineTable:false > 
20:38:24.712 Sending API response: messageType:GetStepValueResponse messageId:4 stepValueResponse:<stepValue:<stepValue:"Almost all words have vowels {}" parameterizedStepValue:"Almost all words have vowels <wordsTable>" parameters:"wordsTable" > > 
20:38:25.115 Api Request Received: messageType:GetStepValueRequest messageId:4 stepValueRequest:<stepText:"Navigate to \"http://www.waitrose.com\"" hasInlineTable:false > 
20:38:25.116 Sending API response: messageType:GetStepValueResponse messageId:4 stepValueResponse:<stepValue:<stepValue:"Navigate to {}" parameterizedStepValue:"Navigate to <http://www.waitrose.com>" parameters:"http://www.waitrose.com" > > 
20:38:28.293 Api Request Received: messageType:GetStepValueRequest messageId:4 stepValueRequest:<stepText:"Navigate to \"http://www.waitrose.com/content/waitrose/en/bf_home/bf.html\"" hasInlineTable:false > 
20:38:28.293 Sending API response: messageType:GetStepValueResponse messageId:4 stepValueResponse:<stepValue:<stepValue:"Navigate to {}" parameterizedStepValue:"Navigate to <http://www.waitrose.com/content/waitrose/en/bf_home/bf.html>" parameters:"http://www.waitrose.com/content/waitrose/en/bf_home/bf.html" > > 
20:38:28.314 Api Request Received: messageType:GetStepValueRequest messageId:4 stepValueRequest:<stepText:"check for the following footer links <table>" hasInlineTable:false > 
20:38:28.314 Sending API response: messageType:GetStepValueResponse messageId:4 stepValueResponse:<stepValue:<stepValue:"check for the following footer links {}" parameterizedStepValue:"check for the following footer links <table>" parameters:"table" > > 
20:38:39.421 Api Request Received: messageType:GetStepValueRequest messageId:4 stepValueRequest:<stepText:"Check if <file:data/content.txt> is visible" hasInlineTable:false > 
20:38:39.421 Sending API response: messageType:GetStepValueResponse messageId:4 stepValueResponse:<stepValue:<stepValue:"Check if {} is visible" parameterizedStepValue:"Check if <file:data/content.txt> is visible" parameters:"file:data/content.txt" > > 
20:38:39.441 Api Request Received: messageType:GetStepValueRequest messageId:4 stepValueRequest:<stepText:"Check if link is visible <table:data/data.csv>" hasInlineTable:false > 
20:38:39.441 Sending API response: messageType:GetStepValueResponse messageId:4 stepValueResponse:<stepValue:<stepValue:"Check if link is visible {}" parameterizedStepValue:"Check if link is visible <table:data/data.csv>" parameters:"table:data/data.csv" > > 
21:14:37.897 Initializing concepts cache with 0 concepts
21:14:37.897 Watching directory: /Users/tpusjaga/Documents/workspace/g_p2/specs
21:14:37.897 Found 2 files
21:14:37.899 Initializing specs cache with 2 specs
21:14:37.899 Adding specs from /Users/tpusjaga/Documents/workspace/g_p2/specs/Copy of example.spec
21:14:37.899 Adding specs from /Users/tpusjaga/Documents/workspace/g_p2/specs/example.spec
21:14:38.160 Api Request Received: messageType:GetLanguagePluginLibPathRequest messageId:5 libPathRequest:<language:"java" > 
21:14:38.161 Sending API response: messageType:GetLanguagePluginLibPathResponse messageId:5 libPathResponse:<path:"/Users/tpusjaga/.gauge/plugins/java/0.3.4/libs" > 
21:14:38.163 Api Request Received: messageType:GetLanguagePluginLibPathRequest messageId:5 libPathRequest:<language:"java" > 
21:14:38.164 Sending API response: messageType:GetLanguagePluginLibPathResponse messageId:5 libPathResponse:<path:"/Users/tpusjaga/.gauge/plugins/java/0.3.4/libs" > 
21:14:38.689 Api Request Received: messageType:GetStepValueRequest messageId:4 stepValueRequest:<stepText:"Almost all words have vowels <wordsTable>" hasInlineTable:false > 
21:14:38.690 Sending API response: messageType:GetStepValueResponse messageId:4 stepValueResponse:<stepValue:<stepValue:"Almost all words have vowels {}" parameterizedStepValue:"Almost all words have vowels <wordsTable>" parameters:"wordsTable" > > 
21:14:38.694 Api Request Received: messageType:GetStepValueRequest messageId:4 stepValueRequest:<stepText:"Vowels in English language are <vowelString>." hasInlineTable:false > 
21:14:38.694 Sending API response: messageType:GetStepValueResponse messageId:4 stepValueResponse:<stepValue:<stepValue:"Vowels in English language are {}." parameterizedStepValue:"Vowels in English language are <vowelString>." parameters:"vowelString" > > 
21:14:38.695 Api Request Received: messageType:GetStepValueRequest messageId:4 stepValueRequest:<stepText:"The word <word> has <expectedCount> vowels." hasInlineTable:false > 
21:14:38.695 Sending API response: messageType:GetStepValueResponse messageId:4 stepValueResponse:<stepValue:<stepValue:"The word {} has {} vowels." parameterizedStepValue:"The word <word> has <expectedCount> vowels." parameters:"word" parameters:"expectedCount" > > 
21:14:38.739 Api Request Received: messageType:GetStepValueRequest messageId:4 stepValueRequest:<stepText:"Navigate to <url>" hasInlineTable:false > 
21:14:38.739 Sending API response: messageType:GetStepValueResponse messageId:4 stepValueResponse:<stepValue:<stepValue:"Navigate to {}" parameterizedStepValue:"Navigate to <url>" parameters:"url" > > 
21:14:38.740 Api Request Received: messageType:GetStepValueRequest messageId:4 stepValueRequest:<stepText:"check for the following footer links <linksTable>" hasInlineTable:false > 
21:14:38.740 Sending API response: messageType:GetStepValueResponse messageId:4 stepValueResponse:<stepValue:<stepValue:"check for the following footer links {}" parameterizedStepValue:"check for the following footer links <linksTable>" parameters:"linksTable" > > 
21:14:38.740 Api Request Received: messageType:GetStepValueRequest messageId:4 stepValueRequest:<stepText:"Check if <content> is visible" hasInlineTable:false > 
21:14:38.740 Sending API response: messageType:GetStepValueResponse messageId:4 stepValueResponse:<stepValue:<stepValue:"Check if {} is visible" parameterizedStepValue:"Check if <content> is visible" parameters:"content" > > 
21:14:38.741 Api Request Received: messageType:GetStepValueRequest messageId:4 stepValueRequest:<stepText:"Check if link is visible <linksTable>" hasInlineTable:false > 
21:14:38.741 Sending API response: messageType:GetStepValueResponse messageId:4 stepValueResponse:<stepValue:<stepValue:"Check if link is visible {}" parameterizedStepValue:"Check if link is visible <linksTable>" parameters:"linksTable" > > 
21:14:38.746 Api Request Received: messageType:GetStepValueRequest messageId:4 stepValueRequest:<stepText:"Vowels in English language are" hasInlineTable:false > 
21:14:38.746 Sending API response: messageType:GetStepValueResponse messageId:4 stepValueResponse:<stepValue:<stepValue:"Vowels in English language are" parameterizedStepValue:"Vowels in English language are" > > 
21:14:38.792 Api Request Received: messageType:GetStepValueRequest messageId:4 stepValueRequest:<stepText:"Vowels in English language are <vowelString>." hasInlineTable:false > 
21:14:38.792 Sending API response: messageType:GetStepValueResponse messageId:4 stepValueResponse:<stepValue:<stepValue:"Vowels in English language are {}." parameterizedStepValue:"Vowels in English language are <vowelString>." parameters:"vowelString" > > 
21:14:38.792 Api Request Received: messageType:GetStepValueRequest messageId:4 stepValueRequest:<stepText:"The word <word> has <expectedCount> vowels." hasInlineTable:false > 
21:14:38.792 Sending API response: messageType:GetStepValueResponse messageId:4 stepValueResponse:<stepValue:<stepValue:"The word {} has {} vowels." parameterizedStepValue:"The word <word> has <expectedCount> vowels." parameters:"word" parameters:"expectedCount" > > 
21:14:38.793 Api Request Received: messageType:GetStepValueRequest messageId:4 stepValueRequest:<stepText:"Almost all words have vowels <wordsTable>" hasInlineTable:false > 
21:14:38.793 Sending API response: messageType:GetStepValueResponse messageId:4 stepValueResponse:<stepValue:<stepValue:"Almost all words have vowels {}" parameterizedStepValue:"Almost all words have vowels <wordsTable>" parameters:"wordsTable" > > 
21:14:38.822 Initializing steps cache with 7 steps
21:14:39.403 Api Request Received: messageType:GetStepValueRequest messageId:4 stepValueRequest:<stepText:"Navigate to \"http://www.waitrose.com/content/waitrose/en/bf_home/bf.html\"" hasInlineTable:false > 
21:14:39.403 Sending API response: messageType:GetStepValueResponse messageId:4 stepValueResponse:<stepValue:<stepValue:"Navigate to {}" parameterizedStepValue:"Navigate to <http://www.waitrose.com/content/waitrose/en/bf_home/bf.html>" parameters:"http://www.waitrose.com/content/waitrose/en/bf_home/bf.html" > > 
21:14:39.425 Api Request Received: messageType:GetStepValueRequest messageId:4 stepValueRequest:<stepText:"Check if <file:data/content.txt> is visible" hasInlineTable:false > 
21:14:39.425 Sending API response: messageType:GetStepValueResponse messageId:4 stepValueResponse:<stepValue:<stepValue:"Check if {} is visible" parameterizedStepValue:"Check if <file:data/content.txt> is visible" parameters:"file:data/content.txt" > > 
21:14:39.446 Api Request Received: messageType:GetStepValueRequest messageId:4 stepValueRequest:<stepText:"Check if link is visible <table:data/data.csv>" hasInlineTable:false > 
21:14:39.446 Sending API response: messageType:GetStepValueResponse messageId:4 stepValueResponse:<stepValue:<stepValue:"Check if link is visible {}" parameterizedStepValue:"Check if link is visible <table:data/data.csv>" parameters:"table:data/data.csv" > > 
09:25:52.625 Initializing concepts cache with 0 concepts
09:25:52.625 Watching directory: /Users/tpusjaga/Documents/workspace/g_p2/specs
09:25:52.625 Found 2 files
09:25:52.628 Initializing specs cache with 2 specs
09:25:52.628 Adding specs from /Users/tpusjaga/Documents/workspace/g_p2/specs/Copy of example.spec
09:25:52.628 Adding specs from /Users/tpusjaga/Documents/workspace/g_p2/specs/example.spec
09:25:52.643 Api Request Received: messageType:GetLanguagePluginLibPathRequest messageId:5 libPathRequest:<language:"java" > 
09:25:52.644 Sending API response: messageType:GetLanguagePluginLibPathResponse messageId:5 libPathResponse:<path:"/Users/tpusjaga/.gauge/plugins/java/0.3.4/libs" > 
09:25:52.646 Api Request Received: messageType:GetLanguagePluginLibPathRequest messageId:5 libPathRequest:<language:"java" > 
09:25:52.647 Sending API response: messageType:GetLanguagePluginLibPathResponse messageId:5 libPathResponse:<path:"/Users/tpusjaga/.gauge/plugins/java/0.3.4/libs" > 
09:25:53.282 Api Request Received: messageType:GetStepValueRequest messageId:4 stepValueRequest:<stepText:"Navigate to <url>" hasInlineTable:false > 
09:25:53.282 Sending API response: messageType:GetStepValueResponse messageId:4 stepValueResponse:<stepValue:<stepValue:"Navigate to {}" parameterizedStepValue:"Navigate to <url>" parameters:"url" > > 
09:25:53.284 Api Request Received: messageType:GetStepValueRequest messageId:4 stepValueRequest:<stepText:"check for the following footer links <linksTable>" hasInlineTable:false > 
09:25:53.284 Sending API response: messageType:GetStepValueResponse messageId:4 stepValueResponse:<stepValue:<stepValue:"check for the following footer links {}" parameterizedStepValue:"check for the following footer links <linksTable>" parameters:"linksTable" > > 
09:25:53.285 Api Request Received: messageType:GetStepValueRequest messageId:4 stepValueRequest:<stepText:"Check if <content> is visible" hasInlineTable:false > 
09:25:53.285 Sending API response: messageType:GetStepValueResponse messageId:4 stepValueResponse:<stepValue:<stepValue:"Check if {} is visible" parameterizedStepValue:"Check if <content> is visible" parameters:"content" > > 
09:25:53.285 Api Request Received: messageType:GetStepValueRequest messageId:4 stepValueRequest:<stepText:"Check if link is visible <linksTable>" hasInlineTable:false > 
09:25:53.285 Sending API response: messageType:GetStepValueResponse messageId:4 stepValueResponse:<stepValue:<stepValue:"Check if link is visible {}" parameterizedStepValue:"Check if link is visible <linksTable>" parameters:"linksTable" > > 
09:25:53.291 Api Request Received: messageType:GetStepValueRequest messageId:4 stepValueRequest:<stepText:"Vowels in English language are" hasInlineTable:false > 
09:25:53.291 Sending API response: messageType:GetStepValueResponse messageId:4 stepValueResponse:<stepValue:<stepValue:"Vowels in English language are" parameterizedStepValue:"Vowels in English language are" > > 
09:25:53.362 Api Request Received: messageType:GetStepValueRequest messageId:4 stepValueRequest:<stepText:"Vowels in English language are <vowelString>." hasInlineTable:false > 
09:25:53.362 Sending API response: messageType:GetStepValueResponse messageId:4 stepValueResponse:<stepValue:<stepValue:"Vowels in English language are {}." parameterizedStepValue:"Vowels in English language are <vowelString>." parameters:"vowelString" > > 
09:25:53.363 Api Request Received: messageType:GetStepValueRequest messageId:4 stepValueRequest:<stepText:"The word <word> has <expectedCount> vowels." hasInlineTable:false > 
09:25:53.363 Sending API response: messageType:GetStepValueResponse messageId:4 stepValueResponse:<stepValue:<stepValue:"The word {} has {} vowels." parameterizedStepValue:"The word <word> has <expectedCount> vowels." parameters:"word" parameters:"expectedCount" > > 
09:25:53.363 Api Request Received: messageType:GetStepValueRequest messageId:4 stepValueRequest:<stepText:"Almost all words have vowels <wordsTable>" hasInlineTable:false > 
09:25:53.363 Sending API response: messageType:GetStepValueResponse messageId:4 stepValueResponse:<stepValue:<stepValue:"Almost all words have vowels {}" parameterizedStepValue:"Almost all words have vowels <wordsTable>" parameters:"wordsTable" > > 
09:25:53.560 Api Request Received: messageType:GetStepValueRequest messageId:4 stepValueRequest:<stepText:"Almost all words have vowels <wordsTable>" hasInlineTable:false > 
09:25:53.560 Sending API response: messageType:GetStepValueResponse messageId:4 stepValueResponse:<stepValue:<stepValue:"Almost all words have vowels {}" parameterizedStepValue:"Almost all words have vowels <wordsTable>" parameters:"wordsTable" > > 
09:25:53.568 Api Request Received: messageType:GetStepValueRequest messageId:4 stepValueRequest:<stepText:"Vowels in English language are <vowelString>." hasInlineTable:false > 
09:25:53.568 Sending API response: messageType:GetStepValueResponse messageId:4 stepValueResponse:<stepValue:<stepValue:"Vowels in English language are {}." parameterizedStepValue:"Vowels in English language are <vowelString>." parameters:"vowelString" > > 
09:25:53.568 Api Request Received: messageType:GetStepValueRequest messageId:4 stepValueRequest:<stepText:"The word <word> has <expectedCount> vowels." hasInlineTable:false > 
09:25:53.568 Sending API response: messageType:GetStepValueResponse messageId:4 stepValueResponse:<stepValue:<stepValue:"The word {} has {} vowels." parameterizedStepValue:"The word <word> has <expectedCount> vowels." parameters:"word" parameters:"expectedCount" > > 
09:25:53.639 Initializing steps cache with 7 steps
09:25:54.098 Api Request Received: messageType:GetStepValueRequest messageId:4 stepValueRequest:<stepText:"Navigate to \"http://www.waitrose.com/content/waitrose/en/bf_home/bf.html\"" hasInlineTable:false > 
09:25:54.098 Sending API response: messageType:GetStepValueResponse messageId:4 stepValueResponse:<stepValue:<stepValue:"Navigate to {}" parameterizedStepValue:"Navigate to <http://www.waitrose.com/content/waitrose/en/bf_home/bf.html>" parameters:"http://www.waitrose.com/content/waitrose/en/bf_home/bf.html" > > 
09:25:54.122 Api Request Received: messageType:GetStepValueRequest messageId:4 stepValueRequest:<stepText:"Check if <file:data/content.txt> is visible" hasInlineTable:false > 
09:25:54.123 Sending API response: messageType:GetStepValueResponse messageId:4 stepValueResponse:<stepValue:<stepValue:"Check if {} is visible" parameterizedStepValue:"Check if <file:data/content.txt> is visible" parameters:"file:data/content.txt" > > 
09:25:54.151 Api Request Received: messageType:GetStepValueRequest messageId:4 stepValueRequest:<stepText:"Check if link is visible <table:data/data.csv>" hasInlineTable:false > 
09:25:54.151 Sending API response: messageType:GetStepValueResponse messageId:4 stepValueResponse:<stepValue:<stepValue:"Check if link is visible {}" parameterizedStepValue:"Check if link is visible <table:data/data.csv>" parameters:"table:data/data.csv" > > 
09:25:55.297 Api Request Received: messageType:GetStepValueRequest messageId:4 stepValueRequest:<stepText:"Navigate to \"http://www.waitrose.com\"" hasInlineTable:false > 
09:25:55.297 Sending API response: messageType:GetStepValueResponse messageId:4 stepValueResponse:<stepValue:<stepValue:"Navigate to {}" parameterizedStepValue:"Navigate to <http://www.waitrose.com>" parameters:"http://www.waitrose.com" > > 
09:25:55.420 Api Request Received: messageType:GetStepValueRequest messageId:4 stepValueRequest:<stepText:"check for the following footer links <table>" hasInlineTable:false > 
09:25:55.420 Sending API response: messageType:GetStepValueResponse messageId:4 stepValueResponse:<stepValue:<stepValue:"check for the following footer links {}" parameterizedStepValue:"check for the following footer links <table>" parameters:"table" > > 
