14:36:41.521  create  manifest.json
14:36:41.522  create  specs
14:36:41.522  create  specs/example.spec
14:36:41.522  create  env
14:36:41.522  create  env/default
14:36:41.523  create  env/default/default.properties
14:36:41.530 
Successfully initialized the project. Run specifications with "gauge specs/"
14:36:43.137 Got a kill message. Killing runner.
11:02:03.780 Got a kill message. Killing runner.
13:31:17.845 # Specification Heading
13:31:17.846 ## Vowel counts in single word
13:31:17.846 * Vowels in English language are "aeiou".
13:31:17.854 * The word "gauge" has "3" vowels.
13:31:17.856 ## Vowel counts in multiple word
13:31:17.857 * Vowels in English language are "aeiou".
13:31:17.858 * Almost all words have vowels 
     |Word  |Vowel Count|
     |------|-----------|
     |Gauge |3          |
     |Mingle|2          |
     |Snap  |1          |
     |GoCD  |1          |
     |Rhythm|0          |
13:31:17.963 Plugin [Html Report] with pid [16377] has exited
13:31:17.963 Specifications:	1 executed	1 passed	0 failed	0 skipped
13:31:17.963 Scenarios:	2 executed	2 passed	0 failed	0 skipped
13:31:17.963 
Total time taken: 20ms
18:02:18.680 Got a kill message. Killing runner.
20:37:38.078 Got a kill message. Killing runner.
21:14:38.822 Got a kill message. Killing runner.
09:25:53.639 Got a kill message. Killing runner.
